<?xml version="1.0" encoding="UTF-8"?>
<!-- Generated by org.testng.reporters.JUnitReportReporter -->
<testsuite hostname="DESKTOP-SL0VBTO" failures="0" tests="3" name="com.myproject.poc.Login" time="39.934" errors="0" timestamp="2025-08-25T16:15:23 IST" skipped="0">
  <testcase classname="com.myproject.poc.Login" name="Loginfields" time="19.600"/>
  <system-out/>
  <testcase classname="com.myproject.poc.Login" name="Head" time="10.719"/>
  <system-out/>
  <testcase classname="com.myproject.poc.Login" name="Heading" time="9.615"/>
  <system-out/>
</testsuite> <!-- com.myproject.poc.Login -->
