<?xml version="1.0" encoding="UTF-8"?>
<!-- Generated by org.testng.reporters.JUnitReportReporter -->
<testsuite hostname="DESKTOP-SL0VBTO" failures="0" tests="3" name="com.myproject.poc.Login" time="104.885" errors="0" timestamp="2025-08-25T16:58:51 IST" skipped="0">
  <testcase classname="com.myproject.poc.Login" name="Heading" time="24.346"/>
  <system-out/>
  <testcase classname="com.myproject.poc.Login" name="Loginfields" time="46.596"/>
  <system-out/>
  <testcase classname="com.myproject.poc.Login" name="Head" time="33.943"/>
  <system-out/>
</testsuite> <!-- com.myproject.poc.Login -->
