<?xml version="1.0" encoding="UTF-8"?>
<!-- Generated by org.testng.reporters.JUnitReportReporter -->
<testsuite hostname="DESKTOP-SL0VBTO" failures="0" tests="2" name="com.myproject.poc.Login" time="218.523" errors="1" timestamp="2025-07-22T18:38:58 IST" skipped="0">
  <testcase classname="com.myproject.poc.Login" name="Heading" time="21.549"/>
  <system-out/>
  <testcase classname="com.myproject.poc.Login" name="Loginfields" time="196.974">
    <error message="Error communicating with the remote browser. It may have died.
Build info: version: &#039;4.34.0&#039;, revision: &#039;707dcb4246*&#039;
System info: os.name: &#039;Windows 10&#039;, os.arch: &#039;amd64&#039;, os.version: &#039;10.0&#039;, java.version: &#039;21.0.7&#039;
Driver info: org.openqa.selenium.firefox.FirefoxDriver
Command: [12294a93-df58-42f6-abef-8c993df98217, getElementAttribute [name, id]]
Capabilities {acceptInsecureCerts: true, browserName: firefox, browserVersion: 140.0.4, moz:accessibilityChecks: false, moz:buildID: 20250707120347, moz:geckodriverVersion: 0.36.0, moz:headless: false, moz:platformVersion: 10.0, moz:processID: 15984, moz:profile: C:\Users\Lenovo\AppData\Loc..., moz:shutdownTimeout: 60000, moz:webdriverClick: true, moz:windowless: false, pageLoadStrategy: normal, platformName: windows, proxy: Proxy(), setWindowRect: true, strictFileInteractability: false, timeouts: {implicit: 0, pageLoad: 300000, script: 30000}, unhandledPromptBehavior: dismiss and notify, userAgent: Mozilla/5.0 (Windows NT 10....}
Element: [[FirefoxDriver: firefox on windows (12294a93-df58-42f6-abef-8c993df98217)] -&gt; xpath: //*[@id=&#039;login-button&#039;]]" type="org.openqa.selenium.remote.UnreachableBrowserException">
      <![CDATA[org.openqa.selenium.remote.UnreachableBrowserException: Error communicating with the remote browser. It may have died.
Build info: version: '4.34.0', revision: '707dcb4246*'
System info: os.name: 'Windows 10', os.arch: 'amd64', os.version: '10.0', java.version: '21.0.7'
Driver info: org.openqa.selenium.firefox.FirefoxDriver
Command: [12294a93-df58-42f6-abef-8c993df98217, getElementAttribute [name, id]]
Capabilities {acceptInsecureCerts: true, browserName: firefox, browserVersion: 140.0.4, moz:accessibilityChecks: false, moz:buildID: 20250707120347, moz:geckodriverVersion: 0.36.0, moz:headless: false, moz:platformVersion: 10.0, moz:processID: 15984, moz:profile: C:\Users\Lenovo\AppData\Loc..., moz:shutdownTimeout: 60000, moz:webdriverClick: true, moz:windowless: false, pageLoadStrategy: normal, platformName: windows, proxy: Proxy(), setWindowRect: true, strictFileInteractability: false, timeouts: {implicit: 0, pageLoad: 300000, script: 30000}, unhandledPromptBehavior: dismiss and notify, userAgent: Mozilla/5.0 (Windows NT 10....}
Element: [[FirefoxDriver: firefox on windows (12294a93-df58-42f6-abef-8c993df98217)] -> xpath: //*[@id='login-button']]
at org.openqa.selenium.remote.RemoteWebDriver.execute(RemoteWebDriver.java:571)
at org.openqa.selenium.remote.RemoteWebElement.execute(RemoteWebElement.java:223)
at org.openqa.selenium.remote.RemoteWebElement.getAttribute(RemoteWebElement.java:149)
at com.myproject.poc.Login.Loginfields(Login.java:86)
at java.base/jdk.internal.reflect.DirectMethodHandleAccessor.invoke(DirectMethodHandleAccessor.java:103)
at java.base/java.lang.reflect.Method.invoke(Method.java:580)
at org.testng.internal.MethodInvocationHelper.invokeMethod(MethodInvocationHelper.java:134)
at org.testng.internal.TestInvoker.invokeMethod(TestInvoker.java:597)
at org.testng.internal.TestInvoker.invokeTestMethod(TestInvoker.java:173)
at org.testng.internal.MethodRunner.runInSequence(MethodRunner.java:46)
at org.testng.internal.TestInvoker$MethodInvocationAgent.invoke(TestInvoker.java:816)
at org.testng.internal.TestInvoker.invokeTestMethods(TestInvoker.java:146)
at org.testng.internal.TestMethodWorker.invokeTestMethods(TestMethodWorker.java:146)
at org.testng.internal.TestMethodWorker.run(TestMethodWorker.java:128)
at java.base/java.util.ArrayList.forEach(ArrayList.java:1596)
at org.testng.TestRunner.privateRun(TestRunner.java:766)
at org.testng.TestRunner.run(TestRunner.java:587)
at org.testng.SuiteRunner.runTest(SuiteRunner.java:384)
at org.testng.SuiteRunner.access$000(SuiteRunner.java:28)
at org.testng.SuiteRunner$SuiteWorker.run(SuiteRunner.java:425)
at org.testng.internal.thread.ThreadUtil.lambda$execute$0(ThreadUtil.java:68)
at java.base/java.util.concurrent.FutureTask.run(FutureTask.java:317)
at java.base/java.util.concurrent.ThreadPoolExecutor.runWorker(ThreadPoolExecutor.java:1144)
at java.base/java.util.concurrent.ThreadPoolExecutor$Worker.run(ThreadPoolExecutor.java:642)
at java.base/java.lang.Thread.run(Thread.java:1583)
Caused by: java.io.UncheckedIOException: java.io.IOException: Task jdk.internal.net.http.common.SequentialScheduler$SchedulableTask@64262615 rejected from java.util.concurrent.ThreadPoolExecutor@2e68983[Shutting down, pool size = 4, active threads = 1, queued tasks = 0, completed tasks = 124]
at org.openqa.selenium.remote.http.jdk.JdkHttpClient.execute0(JdkHttpClient.java:500)
at org.openqa.selenium.remote.http.AddSeleniumUserAgent.lambda$apply$0(AddSeleniumUserAgent.java:42)
at org.openqa.selenium.remote.http.Filter.lambda$andFinally$1(Filter.java:55)
at org.openqa.selenium.remote.http.jdk.JdkHttpClient.lambda$executeAsync$2(JdkHttpClient.java:387)
at java.base/java.util.concurrent.Executors$RunnableAdapter.call(Executors.java:572)
... 4 more
Caused by: java.io.IOException: Task jdk.internal.net.http.common.SequentialScheduler$SchedulableTask@64262615 rejected from java.util.concurrent.ThreadPoolExecutor@2e68983[Shutting down, pool size = 4, active threads = 1, queued tasks = 0, completed tasks = 124]
at java.net.http/jdk.internal.net.http.HttpClientImpl.send(HttpClientImpl.java:969)
at java.net.http/jdk.internal.net.http.HttpClientFacade.send(HttpClientFacade.java:133)
at org.openqa.selenium.remote.http.jdk.JdkHttpClient.execute0(JdkHttpClient.java:459)
... 8 more
Caused by: java.util.concurrent.RejectedExecutionException: Task jdk.internal.net.http.common.SequentialScheduler$SchedulableTask@64262615 rejected from java.util.concurrent.ThreadPoolExecutor@2e68983[Shutting down, pool size = 4, active threads = 1, queued tasks = 0, completed tasks = 124]
at java.base/java.util.concurrent.ThreadPoolExecutor$AbortPolicy.rejectedExecution(ThreadPoolExecutor.java:2081)
at java.base/java.util.concurrent.ThreadPoolExecutor.reject(ThreadPoolExecutor.java:841)
at java.base/java.util.concurrent.ThreadPoolExecutor.execute(ThreadPoolExecutor.java:1376)
at java.net.http/jdk.internal.net.http.HttpClientImpl$DelegatingExecutor.ensureExecutedAsync(HttpClientImpl.java:183)
at java.net.http/jdk.internal.net.http.HttpClientImpl$DelegatingExecutor.execute(HttpClientImpl.java:175)
at java.net.http/jdk.internal.net.http.common.SequentialScheduler.runOrSchedule(SequentialScheduler.java:282)
at java.net.http/jdk.internal.net.http.common.SequentialScheduler.runOrSchedule(SequentialScheduler.java:251)
at java.net.http/jdk.internal.net.http.Http1AsyncReceiver.asyncReceive(Http1AsyncReceiver.java:468)
at java.net.http/jdk.internal.net.http.Http1AsyncReceiver$Http1TubeSubscriber.onNext(Http1AsyncReceiver.java:589)
at java.net.http/jdk.internal.net.http.Http1AsyncReceiver$Http1TubeSubscriber.onNext(Http1AsyncReceiver.java:546)
at java.net.http/jdk.internal.net.http.SocketTube$InternalReadPublisher$InternalReadSubscription.read(SocketTube.java:865)
at java.net.http/jdk.internal.net.http.SocketTube$SocketFlowTask.run(SocketTube.java:181)
at java.net.http/jdk.internal.net.http.common.SequentialScheduler$SchedulableTask.run(SequentialScheduler.java:207)
at java.net.http/jdk.internal.net.http.common.SequentialScheduler.runOrSchedule(SequentialScheduler.java:280)
at java.net.http/jdk.internal.net.http.common.SequentialScheduler.runOrSchedule(SequentialScheduler.java:233)
at java.net.http/jdk.internal.net.http.SocketTube$InternalReadPublisher$InternalReadSubscription.signalReadable(SocketTube.java:782)
at java.net.http/jdk.internal.net.http.SocketTube$InternalReadPublisher$ReadEvent.signalEvent(SocketTube.java:965)
at java.net.http/jdk.internal.net.http.SocketTube$SocketFlowEvent.handle(SocketTube.java:253)
at java.net.http/jdk.internal.net.http.HttpClientImpl$SelectorManager.handleEvent(HttpClientImpl.java:1470)
at java.net.http/jdk.internal.net.http.HttpClientImpl$SelectorManager.lambda$run$3(HttpClientImpl.java:1415)
at java.base/java.util.ArrayList.forEach(ArrayList.java:1596)
at java.net.http/jdk.internal.net.http.HttpClientImpl$SelectorManager.run(HttpClientImpl.java:1415)
]]>
    </error>
  </testcase> <!-- Loginfields -->
  <system-out/>
</testsuite> <!-- com.myproject.poc.Login -->
