<?xml version="1.0" encoding="UTF-8"?>
<!-- Generated by org.testng.reporters.JUnitReportReporter -->
<testsuite hostname="DESKTOP-SL0VBTO" failures="0" tests="3" name="com.myproject.poc.Login" time="42.332" errors="0" timestamp="2025-08-25T14:58:04 IST" skipped="0">
  <testcase classname="com.myproject.poc.Login" name="Heading" time="9.381"/>
  <system-out/>
  <testcase classname="com.myproject.poc.Login" name="Head" time="10.104"/>
  <system-out/>
  <testcase classname="com.myproject.poc.Login" name="Loginfields" time="22.847"/>
  <system-out/>
</testsuite> <!-- com.myproject.poc.Login -->
